<?xml version="1.0" encoding="UTF-8"?>
<testng-results skipped="0" failed="3" ignored="0" total="6" passed="3">
  <reporter-output>
  </reporter-output>
  <suite name="Default suite" duration-ms="7397" started-at="2020-07-11T20:00:54 IST" finished-at="2020-07-11T20:01:02 IST">
    <groups>
    </groups>
    <test name="Default test" duration-ms="7397" started-at="2020-07-11T20:00:54 IST" finished-at="2020-07-11T20:01:02 IST">
      <class name="restAssured.practice.LibraryAPI">
        <test-method status="PASS" signature="addBooksToLibrary(java.lang.String, java.lang.String, java.lang.String, java.lang.String)[pri:0, instance:restAssured.practice.LibraryAPI@3234e239]" name="addBooksToLibrary" duration-ms="3100" started-at="2020-07-11T20:00:55 IST" data-provider="addBooks" finished-at="2020-07-11T20:00:58 IST">
          <params>
            <param index="0">
              <value>
                <![CDATA[prq]]>
              </value>
            </param>
            <param index="1">
              <value>
                <![CDATA[789.0]]>
              </value>
            </param>
            <param index="2">
              <value>
                <![CDATA[Kunal Shah]]>
              </value>
            </param>
            <param index="3">
              <value>
                <![CDATA[TOM]]>
              </value>
            </param>
          </params>
          <reporter-output>
          </reporter-output>
        </test-method> <!-- addBooksToLibrary -->
        <test-method status="PASS" signature="addBooksToLibrary(java.lang.String, java.lang.String, java.lang.String, java.lang.String)[pri:0, instance:restAssured.practice.LibraryAPI@3234e239]" name="addBooksToLibrary" duration-ms="353" started-at="2020-07-11T20:00:58 IST" data-provider="addBooks" finished-at="2020-07-11T20:00:59 IST">
          <params>
            <param index="0">
              <value>
                <![CDATA[plm]]>
              </value>
            </param>
            <param index="1">
              <value>
                <![CDATA[790.0]]>
              </value>
            </param>
            <param index="2">
              <value>
                <![CDATA[Puneet poor]]>
              </value>
            </param>
            <param index="3">
              <value>
                <![CDATA[SOM]]>
              </value>
            </param>
          </params>
          <reporter-output>
          </reporter-output>
        </test-method> <!-- addBooksToLibrary -->
        <test-method status="PASS" signature="addBooksToLibrary(java.lang.String, java.lang.String, java.lang.String, java.lang.String)[pri:0, instance:restAssured.practice.LibraryAPI@3234e239]" name="addBooksToLibrary" duration-ms="348" started-at="2020-07-11T20:00:59 IST" data-provider="addBooks" finished-at="2020-07-11T20:00:59 IST">
          <params>
            <param index="0">
              <value>
                <![CDATA[ojm]]>
              </value>
            </param>
            <param index="1">
              <value>
                <![CDATA[253.0]]>
              </value>
            </param>
            <param index="2">
              <value>
                <![CDATA[Shaheen]]>
              </value>
            </param>
            <param index="3">
              <value>
                <![CDATA[FM]]>
              </value>
            </param>
          </params>
          <reporter-output>
          </reporter-output>
        </test-method> <!-- addBooksToLibrary -->
        <test-method status="FAIL" signature="getBooksFromLibrary(java.lang.String, java.lang.String, java.lang.String, java.lang.String)[pri:0, instance:restAssured.practice.LibraryAPI@3234e239]" name="getBooksFromLibrary" duration-ms="1458" started-at="2020-07-11T20:00:59 IST" data-provider="addBooks" finished-at="2020-07-11T20:01:00 IST">
          <params>
            <param index="0">
              <value>
                <![CDATA[prq]]>
              </value>
            </param>
            <param index="1">
              <value>
                <![CDATA[789.0]]>
              </value>
            </param>
            <param index="2">
              <value>
                <![CDATA[Kunal Shah]]>
              </value>
            </param>
            <param index="3">
              <value>
                <![CDATA[TOM]]>
              </value>
            </param>
          </params>
          <exception class="java.lang.IllegalArgumentException">
            <message>
              <![CDATA[Cannot invoke method getAt() on null object]]>
            </message>
            <full-stacktrace>
              <![CDATA[java.lang.IllegalArgumentException: Cannot invoke method getAt() on null object
at sun.reflect.NativeConstructorAccessorImpl.newInstance0(Native Method)
at sun.reflect.NativeConstructorAccessorImpl.newInstance(Unknown Source)
at sun.reflect.DelegatingConstructorAccessorImpl.newInstance(Unknown Source)
at java.lang.reflect.Constructor.newInstance(Unknown Source)
at org.codehaus.groovy.reflection.CachedConstructor.invoke(CachedConstructor.java:72)
at org.codehaus.groovy.runtime.callsite.ConstructorSite$ConstructorSiteNoUnwrapNoCoerce.callConstructor(ConstructorSite.java:105)
at org.codehaus.groovy.runtime.callsite.CallSiteArray.defaultCallConstructor(CallSiteArray.java:59)
at org.codehaus.groovy.runtime.callsite.AbstractCallSite.callConstructor(AbstractCallSite.java:263)
at org.codehaus.groovy.runtime.callsite.AbstractCallSite.callConstructor(AbstractCallSite.java:286)
at io.restassured.internal.path.json.JSONAssertion.getAsJsonObject(JSONAssertion.groovy:57)
at io.restassured.internal.path.json.JSONAssertion$getAsJsonObject.callCurrent(Unknown Source)
at org.codehaus.groovy.runtime.callsite.CallSiteArray.defaultCallCurrent(CallSiteArray.java:51)
at org.codehaus.groovy.runtime.callsite.AbstractCallSite.callCurrent(AbstractCallSite.java:171)
at org.codehaus.groovy.runtime.callsite.AbstractCallSite.callCurrent(AbstractCallSite.java:185)
at io.restassured.internal.path.json.JSONAssertion.getResult(JSONAssertion.groovy:28)
at io.restassured.path.json.JsonPath.get(JsonPath.java:203)
at io.restassured.path.json.JsonPath.getString(JsonPath.java:352)
at restAssured.practice.LibraryAPI.getBooksFromLibrary(LibraryAPI.java:73)
at sun.reflect.NativeMethodAccessorImpl.invoke0(Native Method)
at sun.reflect.NativeMethodAccessorImpl.invoke(Unknown Source)
at sun.reflect.DelegatingMethodAccessorImpl.invoke(Unknown Source)
at java.lang.reflect.Method.invoke(Unknown Source)
at org.testng.internal.MethodInvocationHelper.invokeMethod(MethodInvocationHelper.java:135)
at org.testng.internal.TestInvoker.invokeMethod(TestInvoker.java:598)
at org.testng.internal.TestInvoker.invokeTestMethod(TestInvoker.java:174)
at org.testng.internal.MethodRunner.runInSequence(MethodRunner.java:46)
at org.testng.internal.TestInvoker$MethodInvocationAgent.invoke(TestInvoker.java:821)
at org.testng.internal.TestInvoker.invokeTestMethods(TestInvoker.java:147)
at org.testng.internal.TestMethodWorker.invokeTestMethods(TestMethodWorker.java:146)
at org.testng.internal.TestMethodWorker.run(TestMethodWorker.java:128)
at java.util.ArrayList.forEach(Unknown Source)
at org.testng.TestRunner.privateRun(TestRunner.java:767)
at org.testng.TestRunner.run(TestRunner.java:588)
at org.testng.SuiteRunner.runTest(SuiteRunner.java:384)
at org.testng.SuiteRunner.runSequentially(SuiteRunner.java:378)
at org.testng.SuiteRunner.privateRun(SuiteRunner.java:337)
at org.testng.SuiteRunner.run(SuiteRunner.java:286)
at org.testng.SuiteRunnerWorker.runSuite(SuiteRunnerWorker.java:53)
at org.testng.SuiteRunnerWorker.run(SuiteRunnerWorker.java:96)
at org.testng.TestNG.runSuitesSequentially(TestNG.java:1214)
at org.testng.TestNG.runSuitesLocally(TestNG.java:1136)
at org.testng.TestNG.runSuites(TestNG.java:1066)
at org.testng.TestNG.run(TestNG.java:1034)
at org.testng.remote.AbstractRemoteTestNG.run(AbstractRemoteTestNG.java:115)
at org.testng.remote.RemoteTestNG.initAndRun(RemoteTestNG.java:251)
at org.testng.remote.RemoteTestNG.main(RemoteTestNG.java:77)
Caused by: java.lang.NullPointerException: Cannot invoke method getAt() on null object
at org.codehaus.groovy.runtime.NullObject.invokeMethod(NullObject.java:91)
at org.codehaus.groovy.runtime.callsite.PogoMetaClassSite.call(PogoMetaClassSite.java:44)
at org.codehaus.groovy.runtime.callsite.CallSiteArray.defaultCall(CallSiteArray.java:47)
at org.codehaus.groovy.runtime.callsite.NullCallSite.call(NullCallSite.java:34)
at org.codehaus.groovy.runtime.callsite.CallSiteArray.defaultCall(CallSiteArray.java:47)
at org.codehaus.groovy.runtime.callsite.AbstractCallSite.call(AbstractCallSite.java:125)
at org.codehaus.groovy.runtime.callsite.AbstractCallSite.call(AbstractCallSite.java:139)
at Script1.run(Script1.groovy:1)
at groovy.lang.GroovyShell.evaluate(GroovyShell.java:431)
at groovy.lang.GroovyShell.evaluate(GroovyShell.java:465)
at groovy.lang.GroovyShell.evaluate(GroovyShell.java:440)
at sun.reflect.NativeMethodAccessorImpl.invoke0(Native Method)
at sun.reflect.NativeMethodAccessorImpl.invoke(Unknown Source)
at sun.reflect.DelegatingMethodAccessorImpl.invoke(Unknown Source)
at java.lang.reflect.Method.invoke(Unknown Source)
at org.codehaus.groovy.runtime.callsite.PlainObjectMetaMethodSite.doInvoke(PlainObjectMetaMethodSite.java:43)
at org.codehaus.groovy.runtime.callsite.PogoMetaMethodSite$PogoCachedMethodSiteNoUnwrap.invoke(PogoMetaMethodSite.java:182)
at org.codehaus.groovy.runtime.callsite.PogoMetaMethodSite.call(PogoMetaMethodSite.java:73)
at org.codehaus.groovy.runtime.callsite.CallSiteArray.defaultCall(CallSiteArray.java:47)
at org.codehaus.groovy.runtime.callsite.AbstractCallSite.call(AbstractCallSite.java:125)
at org.codehaus.groovy.runtime.callsite.AbstractCallSite.call(AbstractCallSite.java:139)
at io.restassured.internal.path.json.JSONAssertion.eval(JSONAssertion.groovy:80)
at sun.reflect.NativeMethodAccessorImpl.invoke0(Native Method)
at sun.reflect.NativeMethodAccessorImpl.invoke(Unknown Source)
at sun.reflect.DelegatingMethodAccessorImpl.invoke(Unknown Source)
at java.lang.reflect.Method.invoke(Unknown Source)
at org.codehaus.groovy.runtime.callsite.PlainObjectMetaMethodSite.doInvoke(PlainObjectMetaMethodSite.java:43)
at org.codehaus.groovy.runtime.callsite.PogoMetaMethodSite$PogoCachedMethodSiteNoUnwrapNoCoerce.invoke(PogoMetaMethodSite.java:193)
at org.codehaus.groovy.runtime.callsite.PogoMetaMethodSite.callCurrent(PogoMetaMethodSite.java:61)
at org.codehaus.groovy.runtime.callsite.CallSiteArray.defaultCallCurrent(CallSiteArray.java:51)
at org.codehaus.groovy.runtime.callsite.AbstractCallSite.callCurrent(AbstractCallSite.java:171)
at org.codehaus.groovy.runtime.callsite.AbstractCallSite.callCurrent(AbstractCallSite.java:203)
at io.restassured.internal.path.json.JSONAssertion.getAsJsonObject(JSONAssertion.groovy:46)
... 36 more
]]>
            </full-stacktrace>
          </exception> <!-- java.lang.IllegalArgumentException -->
          <reporter-output>
          </reporter-output>
        </test-method> <!-- getBooksFromLibrary -->
        <test-method status="FAIL" signature="getBooksFromLibrary(java.lang.String, java.lang.String, java.lang.String, java.lang.String)[pri:0, instance:restAssured.practice.LibraryAPI@3234e239]" name="getBooksFromLibrary" duration-ms="1057" started-at="2020-07-11T20:01:00 IST" data-provider="addBooks" finished-at="2020-07-11T20:01:01 IST">
          <params>
            <param index="0">
              <value>
                <![CDATA[plm]]>
              </value>
            </param>
            <param index="1">
              <value>
                <![CDATA[790.0]]>
              </value>
            </param>
            <param index="2">
              <value>
                <![CDATA[Puneet poor]]>
              </value>
            </param>
            <param index="3">
              <value>
                <![CDATA[SOM]]>
              </value>
            </param>
          </params>
          <exception class="java.lang.IllegalArgumentException">
            <message>
              <![CDATA[Cannot invoke method getAt() on null object]]>
            </message>
            <full-stacktrace>
              <![CDATA[java.lang.IllegalArgumentException: Cannot invoke method getAt() on null object
at sun.reflect.NativeConstructorAccessorImpl.newInstance0(Native Method)
at sun.reflect.NativeConstructorAccessorImpl.newInstance(Unknown Source)
at sun.reflect.DelegatingConstructorAccessorImpl.newInstance(Unknown Source)
at java.lang.reflect.Constructor.newInstance(Unknown Source)
at org.codehaus.groovy.reflection.CachedConstructor.invoke(CachedConstructor.java:72)
at org.codehaus.groovy.runtime.callsite.ConstructorSite$ConstructorSiteNoUnwrapNoCoerce.callConstructor(ConstructorSite.java:105)
at org.codehaus.groovy.runtime.callsite.AbstractCallSite.callConstructor(AbstractCallSite.java:286)
at io.restassured.internal.path.json.JSONAssertion.getAsJsonObject(JSONAssertion.groovy:57)
at io.restassured.internal.path.json.JSONAssertion$getAsJsonObject.callCurrent(Unknown Source)
at io.restassured.internal.path.json.JSONAssertion.getResult(JSONAssertion.groovy:28)
at io.restassured.path.json.JsonPath.get(JsonPath.java:203)
at io.restassured.path.json.JsonPath.getString(JsonPath.java:352)
at restAssured.practice.LibraryAPI.getBooksFromLibrary(LibraryAPI.java:73)
at sun.reflect.NativeMethodAccessorImpl.invoke0(Native Method)
at sun.reflect.NativeMethodAccessorImpl.invoke(Unknown Source)
at sun.reflect.DelegatingMethodAccessorImpl.invoke(Unknown Source)
at java.lang.reflect.Method.invoke(Unknown Source)
at org.testng.internal.MethodInvocationHelper.invokeMethod(MethodInvocationHelper.java:135)
at org.testng.internal.TestInvoker.invokeMethod(TestInvoker.java:598)
at org.testng.internal.TestInvoker.invokeTestMethod(TestInvoker.java:174)
at org.testng.internal.MethodRunner.runInSequence(MethodRunner.java:46)
at org.testng.internal.TestInvoker$MethodInvocationAgent.invoke(TestInvoker.java:821)
at org.testng.internal.TestInvoker.invokeTestMethods(TestInvoker.java:147)
at org.testng.internal.TestMethodWorker.invokeTestMethods(TestMethodWorker.java:146)
at org.testng.internal.TestMethodWorker.run(TestMethodWorker.java:128)
at java.util.ArrayList.forEach(Unknown Source)
at org.testng.TestRunner.privateRun(TestRunner.java:767)
at org.testng.TestRunner.run(TestRunner.java:588)
at org.testng.SuiteRunner.runTest(SuiteRunner.java:384)
at org.testng.SuiteRunner.runSequentially(SuiteRunner.java:378)
at org.testng.SuiteRunner.privateRun(SuiteRunner.java:337)
at org.testng.SuiteRunner.run(SuiteRunner.java:286)
at org.testng.SuiteRunnerWorker.runSuite(SuiteRunnerWorker.java:53)
at org.testng.SuiteRunnerWorker.run(SuiteRunnerWorker.java:96)
at org.testng.TestNG.runSuitesSequentially(TestNG.java:1214)
at org.testng.TestNG.runSuitesLocally(TestNG.java:1136)
at org.testng.TestNG.runSuites(TestNG.java:1066)
at org.testng.TestNG.run(TestNG.java:1034)
at org.testng.remote.AbstractRemoteTestNG.run(AbstractRemoteTestNG.java:115)
at org.testng.remote.RemoteTestNG.initAndRun(RemoteTestNG.java:251)
at org.testng.remote.RemoteTestNG.main(RemoteTestNG.java:77)
Caused by: java.lang.NullPointerException: Cannot invoke method getAt() on null object
at org.codehaus.groovy.runtime.NullObject.invokeMethod(NullObject.java:91)
at org.codehaus.groovy.runtime.callsite.PogoMetaClassSite.call(PogoMetaClassSite.java:44)
at org.codehaus.groovy.runtime.callsite.CallSiteArray.defaultCall(CallSiteArray.java:47)
at org.codehaus.groovy.runtime.callsite.NullCallSite.call(NullCallSite.java:34)
at org.codehaus.groovy.runtime.callsite.CallSiteArray.defaultCall(CallSiteArray.java:47)
at org.codehaus.groovy.runtime.callsite.AbstractCallSite.call(AbstractCallSite.java:125)
at org.codehaus.groovy.runtime.callsite.AbstractCallSite.call(AbstractCallSite.java:139)
at Script1.run(Script1.groovy:1)
at groovy.lang.GroovyShell.evaluate(GroovyShell.java:431)
at groovy.lang.GroovyShell.evaluate(GroovyShell.java:465)
at groovy.lang.GroovyShell.evaluate(GroovyShell.java:440)
at sun.reflect.NativeMethodAccessorImpl.invoke0(Native Method)
at sun.reflect.NativeMethodAccessorImpl.invoke(Unknown Source)
at sun.reflect.DelegatingMethodAccessorImpl.invoke(Unknown Source)
at java.lang.reflect.Method.invoke(Unknown Source)
at org.codehaus.groovy.runtime.callsite.PlainObjectMetaMethodSite.doInvoke(PlainObjectMetaMethodSite.java:43)
at org.codehaus.groovy.runtime.callsite.PogoMetaMethodSite$PogoCachedMethodSiteNoUnwrap.invoke(PogoMetaMethodSite.java:182)
at org.codehaus.groovy.runtime.callsite.PogoMetaMethodSite.call(PogoMetaMethodSite.java:73)
at org.codehaus.groovy.runtime.callsite.AbstractCallSite.call(AbstractCallSite.java:139)
at io.restassured.internal.path.json.JSONAssertion.eval(JSONAssertion.groovy:80)
at sun.reflect.NativeMethodAccessorImpl.invoke0(Native Method)
at sun.reflect.NativeMethodAccessorImpl.invoke(Unknown Source)
at sun.reflect.DelegatingMethodAccessorImpl.invoke(Unknown Source)
at java.lang.reflect.Method.invoke(Unknown Source)
at org.codehaus.groovy.runtime.callsite.PlainObjectMetaMethodSite.doInvoke(PlainObjectMetaMethodSite.java:43)
at org.codehaus.groovy.runtime.callsite.PogoMetaMethodSite$PogoCachedMethodSiteNoUnwrapNoCoerce.invoke(PogoMetaMethodSite.java:193)
at org.codehaus.groovy.runtime.callsite.PogoMetaMethodSite.callCurrent(PogoMetaMethodSite.java:61)
at org.codehaus.groovy.runtime.callsite.AbstractCallSite.callCurrent(AbstractCallSite.java:203)
at io.restassured.internal.path.json.JSONAssertion.getAsJsonObject(JSONAssertion.groovy:46)
... 33 more
]]>
            </full-stacktrace>
          </exception> <!-- java.lang.IllegalArgumentException -->
          <reporter-output>
          </reporter-output>
        </test-method> <!-- getBooksFromLibrary -->
        <test-method status="FAIL" signature="getBooksFromLibrary(java.lang.String, java.lang.String, java.lang.String, java.lang.String)[pri:0, instance:restAssured.practice.LibraryAPI@3234e239]" name="getBooksFromLibrary" duration-ms="370" started-at="2020-07-11T20:01:01 IST" data-provider="addBooks" finished-at="2020-07-11T20:01:02 IST">
          <params>
            <param index="0">
              <value>
                <![CDATA[ojm]]>
              </value>
            </param>
            <param index="1">
              <value>
                <![CDATA[253.0]]>
              </value>
            </param>
            <param index="2">
              <value>
                <![CDATA[Shaheen]]>
              </value>
            </param>
            <param index="3">
              <value>
                <![CDATA[FM]]>
              </value>
            </param>
          </params>
          <exception class="java.lang.IllegalArgumentException">
            <message>
              <![CDATA[Cannot invoke method getAt() on null object]]>
            </message>
            <full-stacktrace>
              <![CDATA[java.lang.IllegalArgumentException: Cannot invoke method getAt() on null object
at sun.reflect.NativeConstructorAccessorImpl.newInstance0(Native Method)
at sun.reflect.NativeConstructorAccessorImpl.newInstance(Unknown Source)
at sun.reflect.DelegatingConstructorAccessorImpl.newInstance(Unknown Source)
at java.lang.reflect.Constructor.newInstance(Unknown Source)
at org.codehaus.groovy.reflection.CachedConstructor.invoke(CachedConstructor.java:72)
at org.codehaus.groovy.runtime.callsite.ConstructorSite$ConstructorSiteNoUnwrapNoCoerce.callConstructor(ConstructorSite.java:105)
at org.codehaus.groovy.runtime.callsite.AbstractCallSite.callConstructor(AbstractCallSite.java:286)
at io.restassured.internal.path.json.JSONAssertion.getAsJsonObject(JSONAssertion.groovy:57)
at io.restassured.internal.path.json.JSONAssertion$getAsJsonObject.callCurrent(Unknown Source)
at io.restassured.internal.path.json.JSONAssertion.getResult(JSONAssertion.groovy:28)
at io.restassured.path.json.JsonPath.get(JsonPath.java:203)
at io.restassured.path.json.JsonPath.getString(JsonPath.java:352)
at restAssured.practice.LibraryAPI.getBooksFromLibrary(LibraryAPI.java:73)
at sun.reflect.NativeMethodAccessorImpl.invoke0(Native Method)
at sun.reflect.NativeMethodAccessorImpl.invoke(Unknown Source)
at sun.reflect.DelegatingMethodAccessorImpl.invoke(Unknown Source)
at java.lang.reflect.Method.invoke(Unknown Source)
at org.testng.internal.MethodInvocationHelper.invokeMethod(MethodInvocationHelper.java:135)
at org.testng.internal.TestInvoker.invokeMethod(TestInvoker.java:598)
at org.testng.internal.TestInvoker.invokeTestMethod(TestInvoker.java:174)
at org.testng.internal.MethodRunner.runInSequence(MethodRunner.java:46)
at org.testng.internal.TestInvoker$MethodInvocationAgent.invoke(TestInvoker.java:821)
at org.testng.internal.TestInvoker.invokeTestMethods(TestInvoker.java:147)
at org.testng.internal.TestMethodWorker.invokeTestMethods(TestMethodWorker.java:146)
at org.testng.internal.TestMethodWorker.run(TestMethodWorker.java:128)
at java.util.ArrayList.forEach(Unknown Source)
at org.testng.TestRunner.privateRun(TestRunner.java:767)
at org.testng.TestRunner.run(TestRunner.java:588)
at org.testng.SuiteRunner.runTest(SuiteRunner.java:384)
at org.testng.SuiteRunner.runSequentially(SuiteRunner.java:378)
at org.testng.SuiteRunner.privateRun(SuiteRunner.java:337)
at org.testng.SuiteRunner.run(SuiteRunner.java:286)
at org.testng.SuiteRunnerWorker.runSuite(SuiteRunnerWorker.java:53)
at org.testng.SuiteRunnerWorker.run(SuiteRunnerWorker.java:96)
at org.testng.TestNG.runSuitesSequentially(TestNG.java:1214)
at org.testng.TestNG.runSuitesLocally(TestNG.java:1136)
at org.testng.TestNG.runSuites(TestNG.java:1066)
at org.testng.TestNG.run(TestNG.java:1034)
at org.testng.remote.AbstractRemoteTestNG.run(AbstractRemoteTestNG.java:115)
at org.testng.remote.RemoteTestNG.initAndRun(RemoteTestNG.java:251)
at org.testng.remote.RemoteTestNG.main(RemoteTestNG.java:77)
Caused by: java.lang.NullPointerException: Cannot invoke method getAt() on null object
at org.codehaus.groovy.runtime.NullObject.invokeMethod(NullObject.java:91)
at org.codehaus.groovy.runtime.callsite.PogoMetaClassSite.call(PogoMetaClassSite.java:44)
at org.codehaus.groovy.runtime.callsite.CallSiteArray.defaultCall(CallSiteArray.java:47)
at org.codehaus.groovy.runtime.callsite.NullCallSite.call(NullCallSite.java:34)
at org.codehaus.groovy.runtime.callsite.CallSiteArray.defaultCall(CallSiteArray.java:47)
at org.codehaus.groovy.runtime.callsite.AbstractCallSite.call(AbstractCallSite.java:125)
at org.codehaus.groovy.runtime.callsite.AbstractCallSite.call(AbstractCallSite.java:139)
at Script1.run(Script1.groovy:1)
at groovy.lang.GroovyShell.evaluate(GroovyShell.java:431)
at groovy.lang.GroovyShell.evaluate(GroovyShell.java:465)
at groovy.lang.GroovyShell.evaluate(GroovyShell.java:440)
at sun.reflect.NativeMethodAccessorImpl.invoke0(Native Method)
at sun.reflect.NativeMethodAccessorImpl.invoke(Unknown Source)
at sun.reflect.DelegatingMethodAccessorImpl.invoke(Unknown Source)
at java.lang.reflect.Method.invoke(Unknown Source)
at org.codehaus.groovy.runtime.callsite.PlainObjectMetaMethodSite.doInvoke(PlainObjectMetaMethodSite.java:43)
at org.codehaus.groovy.runtime.callsite.PogoMetaMethodSite$PogoCachedMethodSiteNoUnwrap.invoke(PogoMetaMethodSite.java:182)
at org.codehaus.groovy.runtime.callsite.PogoMetaMethodSite.call(PogoMetaMethodSite.java:73)
at org.codehaus.groovy.runtime.callsite.AbstractCallSite.call(AbstractCallSite.java:139)
at io.restassured.internal.path.json.JSONAssertion.eval(JSONAssertion.groovy:80)
at sun.reflect.NativeMethodAccessorImpl.invoke0(Native Method)
at sun.reflect.NativeMethodAccessorImpl.invoke(Unknown Source)
at sun.reflect.DelegatingMethodAccessorImpl.invoke(Unknown Source)
at java.lang.reflect.Method.invoke(Unknown Source)
at org.codehaus.groovy.runtime.callsite.PlainObjectMetaMethodSite.doInvoke(PlainObjectMetaMethodSite.java:43)
at org.codehaus.groovy.runtime.callsite.PogoMetaMethodSite$PogoCachedMethodSiteNoUnwrapNoCoerce.invoke(PogoMetaMethodSite.java:193)
at org.codehaus.groovy.runtime.callsite.PogoMetaMethodSite.callCurrent(PogoMetaMethodSite.java:61)
at org.codehaus.groovy.runtime.callsite.AbstractCallSite.callCurrent(AbstractCallSite.java:203)
at io.restassured.internal.path.json.JSONAssertion.getAsJsonObject(JSONAssertion.groovy:46)
... 33 more
]]>
            </full-stacktrace>
          </exception> <!-- java.lang.IllegalArgumentException -->
          <reporter-output>
          </reporter-output>
        </test-method> <!-- getBooksFromLibrary -->
      </class> <!-- restAssured.practice.LibraryAPI -->
    </test> <!-- Default test -->
  </suite> <!-- Default suite -->
</testng-results>
